<?xml version="1.0" encoding="UTF-8"?>
<!-- Generated by org.testng.reporters.JUnitReportReporter -->
<testsuite skipped="0" hostname="HW00155" name="TestCases.ShoppingCart" tests="1" failures="0" timestamp="08 Nov 2019 18:40:11 GMT" time="19.956" errors="0">
  <testcase name="mouseover" time="19.956" classname="TestCases.ShoppingCart"/>
</testsuite> <!-- TestCases.ShoppingCart -->
